\BOOKMARK [0][-]{chapter.1}{\376\377\0001\000\040\000U\000n\000\040\000p\000o\000c\000o\000\040\000d\000e\000\040\000h\000i\000s\000t\000o\000r\000i\000a}{}% 1
\BOOKMARK [0][-]{chapter.2}{\376\377\0002\000\040\000E\000s\000t\000a\000t\000u\000s\000\040\000d\000e\000l\000\040\000p\000r\000o\000y\000e\000c\000t\000o\000\040\000a\000\040\000a\000b\000r\000i\000l\000\040\0002\0000\0001\0009}{}% 2
\BOOKMARK [0][-]{chapter.3}{\376\377\0003\000\040\000O\000p\000e\000n\000e\000r\000m\000\040\000-\000\040\000A\000P\000I}{}% 3
\BOOKMARK [1][-]{section.3.1}{\376\377\0003\000.\0001\000\040\000O\000E\000R\000M\000\040\000-\000\040\000E\000s\000p\000e\000c\000i\000f\000i\000c\000a\000c\000i\000\363\000n\000\040\000v\0001}{chapter.3}% 4
\BOOKMARK [1][-]{section.3.2}{\376\377\0003\000.\0002\000\040\000E\000s\000t\000r\000u\000c\000t\000u\000r\000a\000\040\000d\000e\000\040\000u\000n\000\040\000d\000a\000t\000a\000b\000a\000s\000e\000\040\000O\000p\000e\000n\000E\000r\000m}{chapter.3}% 5
\BOOKMARK [1][-]{section.3.3}{\376\377\0003\000.\0003\000\040\000O\000p\000e\000n\000e\000r\000m\000\040\000-\000\040\000A\000P\000I}{chapter.3}% 6
\BOOKMARK [0][-]{chapter.4}{\376\377\0004\000\040\000H\000e\000r\000r\000a\000m\000i\000e\000n\000t\000a\000s}{}% 7
\BOOKMARK [1][-]{section.4.1}{\376\377\0004\000.\0001\000\040\000s\000p\000l\000p\000r\000o\000c\000e\000s\000s\000o\000r}{chapter.4}% 8
\BOOKMARK [1][-]{section.4.2}{\376\377\0004\000.\0002\000\040\000s\000p\000l\0002\000o\000e\000r\000m}{chapter.4}% 9
\BOOKMARK [1][-]{section.4.3}{\376\377\0004\000.\0003\000\040\000c\000a\000t\000a\000l\000o\000g\000r\000e\000p\000o}{chapter.4}% 10
\BOOKMARK [1][-]{section.4.4}{\376\377\0004\000.\0004\000\040\000c\000h\000e\000c\000k\000o\000e\000r\000m\000d\000b}{chapter.4}% 11
\BOOKMARK [1][-]{section.4.5}{\376\377\0004\000.\0005\000\040\000m\000a\000k\000e\000\040\000m\000o\000d\000u\000l\000e}{chapter.4}% 12
\BOOKMARK [1][-]{section.4.6}{\376\377\0004\000.\0006\000\040\000o\000e\000r\000m\000\137\000h\000o\000s\000t\000r\000e\000p\000r\000i\000n\000t\000\137\000p\000r\000o\000c\000e\000s\000s\000o\000r\000\040\000m\000o\000d\000u\000l\000e}{chapter.4}% 13
\BOOKMARK [1][-]{section.4.7}{\376\377\0004\000.\0007\000\040\000R\000e\000a\000d\000o\000e\000r\000m\000d\000b}{chapter.4}% 14
\BOOKMARK [0][-]{chapter.5}{\376\377\0005\000\040\000D\000e\000s\000a\000r\000r\000o\000l\000l\000o}{}% 15
\BOOKMARK [1][-]{section.5.1}{\376\377\0005\000.\0001\000\040\000R\000e\000q\000u\000i\000s\000i\000t\000o\000s\000\040\000i\000n\000i\000c\000i\000a\000l\000e\000s}{chapter.5}% 16
\BOOKMARK [1][-]{section.5.2}{\376\377\0005\000.\0002\000\040\000P\000r\000e\000p\000a\000r\000a\000c\000i\000\363\000n\000\040\000d\000e\000l\000\040\000e\000n\000t\000o\000r\000n\000o\000\040\000v\000i\000r\000t\000u\000a\000l\000\040\000l\000o\000c\000a\000l}{chapter.5}% 17
\BOOKMARK [1][-]{section.5.3}{\376\377\0005\000.\0003\000\040\000N\000o\000t\000a\000s\000:}{chapter.5}% 18
\BOOKMARK [1][-]{section.5.4}{\376\377\0005\000.\0004\000\040\000O\000t\000r\000a\000s\000\040\000c\000o\000n\000s\000i\000d\000e\000r\000a\000c\000i\000o\000n\000e\000s}{chapter.5}% 19
\BOOKMARK [0][-]{chapter.6}{\376\377\0006\000\040\000I\000n\000d\000i\000c\000e\000s\000\040\000y\000\040\000t\000a\000b\000l\000a\000s}{}% 20
\BOOKMARK [0][-]{section*.181}{\376\377\000\315\000n\000d\000i\000c\000e\000\040\000d\000e\000\040\000M\000\363\000d\000u\000l\000o\000s\000\040\000P\000y\000t\000h\000o\000n}{}% 21
\BOOKMARK [0][-]{section*.182}{\376\377\000\315\000n\000d\000i\000c\000e}{}% 22
